obj/Debug/netstandard2.1/corona_map.dll
/home/cmac/.nuget/packages/microsoft.extensions.dependencyinjection.abstractions/3.1.2/lib/netstandard2.0/Microsoft.Extensions.DependencyInjection.Abstractions.dll
/home/cmac/.nuget/packages/microsoft.aspnetcore.components.webassembly.runtime/3.2.0-preview2.20159.2/build/netstandard1.0/../../tools/dotnetwasm/bcl/Facades/netstandard.dll
/home/cmac/.nuget/packages/microsoft.aspnetcore.components.webassembly.runtime/3.2.0-preview2.20159.2/build/netstandard1.0/../../tools/dotnetwasm/bcl/System.Xml.Linq.dll
/home/cmac/.nuget/packages/microsoft.aspnetcore.components.webassembly.runtime/3.2.0-preview2.20159.2/build/netstandard1.0/../../tools/dotnetwasm/bcl/System.Core.dll
/home/cmac/.nuget/packages/microsoft.aspnetcore.components.webassembly.runtime/3.2.0-preview2.20159.2/build/netstandard1.0/../../tools/dotnetwasm/bcl/System.dll
/home/cmac/.nuget/packages/microsoft.aspnetcore.components.webassembly.runtime/3.2.0-preview2.20159.2/build/netstandard1.0/../../tools/dotnetwasm/framework/WebAssembly.Net.WebSockets.dll
/home/cmac/.nuget/packages/microsoft.aspnetcore.components.webassembly.runtime/3.2.0-preview2.20159.2/build/netstandard1.0/../../tools/dotnetwasm/bcl/Facades/System.Memory.dll
/home/cmac/.nuget/packages/microsoft.aspnetcore.components.webassembly.runtime/3.2.0-preview2.20159.2/build/netstandard1.0/../../tools/dotnetwasm/bcl/mscorlib.dll
/home/cmac/.nuget/packages/microsoft.aspnetcore.components.webassembly.runtime/3.2.0-preview2.20159.2/build/netstandard1.0/../../tools/dotnetwasm/framework/WebAssembly.Bindings.dll
/home/cmac/.nuget/packages/microsoft.aspnetcore.components.webassembly.runtime/3.2.0-preview2.20159.2/build/netstandard1.0/../../tools/dotnetwasm/bcl/System.Numerics.dll
/home/cmac/.nuget/packages/microsoft.aspnetcore.components.webassembly.runtime/3.2.0-preview2.20159.2/build/netstandard1.0/../../tools/dotnetwasm/bcl/System.Xml.dll
/home/cmac/.nuget/packages/microsoft.aspnetcore.components.webassembly.runtime/3.2.0-preview2.20159.2/build/netstandard1.0/../../tools/dotnetwasm/bcl/Mono.Security.dll
/home/cmac/.nuget/packages/microsoft.aspnetcore.components.webassembly.runtime/3.2.0-preview2.20159.2/build/netstandard1.0/../../tools/dotnetwasm/bcl/System.Transactions.dll
/home/cmac/.nuget/packages/microsoft.aspnetcore.components.webassembly.runtime/3.2.0-preview2.20159.2/build/netstandard1.0/../../tools/dotnetwasm/bcl/System.Runtime.Serialization.dll
/home/cmac/.nuget/packages/microsoft.aspnetcore.components.webassembly.runtime/3.2.0-preview2.20159.2/build/netstandard1.0/../../tools/dotnetwasm/bcl/System.ServiceModel.Internals.dll
/home/cmac/.nuget/packages/microsoft.aspnetcore.components.webassembly.runtime/3.2.0-preview2.20159.2/build/netstandard1.0/../../tools/dotnetwasm/bcl/System.Net.Http.dll
/home/cmac/.nuget/packages/microsoft.aspnetcore.components.webassembly.runtime/3.2.0-preview2.20159.2/build/netstandard1.0/../../tools/dotnetwasm/framework/WebAssembly.Net.Http.dll
/home/cmac/.nuget/packages/microsoft.aspnetcore.components.webassembly.runtime/3.2.0-preview2.20159.2/build/netstandard1.0/../../tools/dotnetwasm/bcl/System.ComponentModel.Composition.dll
/home/cmac/.nuget/packages/microsoft.aspnetcore.components.webassembly.runtime/3.2.0-preview2.20159.2/build/netstandard1.0/../../tools/dotnetwasm/bcl/System.IO.Compression.FileSystem.dll
/home/cmac/.nuget/packages/microsoft.aspnetcore.components.webassembly.runtime/3.2.0-preview2.20159.2/build/netstandard1.0/../../tools/dotnetwasm/bcl/System.IO.Compression.dll
/home/cmac/.nuget/packages/microsoft.aspnetcore.components.webassembly.runtime/3.2.0-preview2.20159.2/build/netstandard1.0/../../tools/dotnetwasm/bcl/Facades/System.Drawing.Common.dll
/home/cmac/.nuget/packages/microsoft.aspnetcore.components.webassembly.runtime/3.2.0-preview2.20159.2/build/netstandard1.0/../../tools/dotnetwasm/bcl/System.Data.DataSetExtensions.dll
/home/cmac/.nuget/packages/microsoft.aspnetcore.components.webassembly.runtime/3.2.0-preview2.20159.2/build/netstandard1.0/../../tools/dotnetwasm/bcl/System.Data.dll
/home/cmac/.nuget/packages/microsoft.aspnetcore.components.web/3.1.2/lib/netstandard2.0/Microsoft.AspNetCore.Components.Web.dll
/home/cmac/.nuget/packages/microsoft.aspnetcore.components.forms/3.1.2/lib/netstandard2.0/Microsoft.AspNetCore.Components.Forms.dll
/home/cmac/.nuget/packages/microsoft.aspnetcore.components.webassembly.runtime/3.2.0-preview2.20159.2/build/netstandard1.0/../../tools/dotnetwasm/bcl/Facades/System.ComponentModel.Annotations.dll
/home/cmac/.nuget/packages/microsoft.aspnetcore.components.webassembly.runtime/3.2.0-preview2.20159.2/build/netstandard1.0/../../tools/dotnetwasm/bcl/System.ComponentModel.DataAnnotations.dll
/home/cmac/.nuget/packages/microsoft.aspnetcore.components/3.1.2/lib/netstandard2.0/Microsoft.AspNetCore.Components.dll
/home/cmac/.nuget/packages/microsoft.aspnetcore.components.webassembly.runtime/3.2.0-preview2.20159.2/build/netstandard1.0/../../tools/dotnetwasm/bcl/Facades/System.Buffers.dll
/home/cmac/.nuget/packages/microsoft.extensions.logging.abstractions/3.1.2/lib/netstandard2.0/Microsoft.Extensions.Logging.Abstractions.dll
/home/cmac/.nuget/packages/newtonsoft.json/12.0.3/lib/netstandard2.0/Newtonsoft.Json.dll
/home/cmac/.nuget/packages/system.text.json/4.7.1/lib/netstandard2.0/System.Text.Json.dll
/home/cmac/.nuget/packages/microsoft.aspnetcore.components.webassembly.runtime/3.2.0-preview2.20159.2/build/netstandard1.0/../../tools/dotnetwasm/bcl/System.Runtime.CompilerServices.Unsafe.dll
/home/cmac/.nuget/packages/microsoft.bcl.asyncinterfaces/1.1.0/lib/netstandard2.1/Microsoft.Bcl.AsyncInterfaces.dll
/home/cmac/.nuget/packages/microsoft.aspnetcore.components.webassembly.runtime/3.2.0-preview2.20159.2/build/netstandard1.0/../../tools/dotnetwasm/bcl/Facades/System.Threading.Tasks.Extensions.dll
/home/cmac/.nuget/packages/microsoft.aspnetcore.components.webassembly.runtime/3.2.0-preview2.20159.2/build/netstandard1.0/../../tools/dotnetwasm/bcl/System.Numerics.Vectors.dll
/home/cmac/.nuget/packages/system.text.encodings.web/4.7.0/lib/netstandard2.1/System.Text.Encodings.Web.dll
/home/cmac/.nuget/packages/microsoft.aspnetcore.components.webassembly/3.2.0-preview2.20160.5/lib/netstandard2.1/Microsoft.AspNetCore.Components.WebAssembly.dll
/home/cmac/.nuget/packages/microsoft.extensions.dependencyinjection/3.1.2/lib/netstandard2.1/Microsoft.Extensions.DependencyInjection.dll
/home/cmac/.nuget/packages/microsoft.extensions.configuration/3.1.2/lib/netstandard2.0/Microsoft.Extensions.Configuration.dll
/home/cmac/.nuget/packages/microsoft.extensions.primitives/3.1.2/lib/netstandard2.0/Microsoft.Extensions.Primitives.dll
/home/cmac/.nuget/packages/microsoft.extensions.configuration.abstractions/3.1.2/lib/netstandard2.0/Microsoft.Extensions.Configuration.Abstractions.dll
/home/cmac/.nuget/packages/microsoft.jsinterop/3.1.2/lib/netstandard2.0/Microsoft.JSInterop.dll
/home/cmac/.nuget/packages/microsoft.jsinterop.webassembly/3.2.0-preview2.20160.5/lib/netstandard2.1/Microsoft.JSInterop.WebAssembly.dll
obj/Debug/netstandard2.1/corona_map.pdb
